Trojan0Project/app/build/intermediates/manifest_merge_blame_file/debug/processDebugMainManifest/manifest-merger-blame-debug-report.txt
1<?xml version="1.0" encoding="utf-8"?>
2<manifest xmlns:android="http://schemas.android.com/apk/res/android"
3    package="com.example.trojan0project"
4    android:versionCode="1"
5    android:versionName="1.0" >
6
7    <uses-sdk
8        android:minSdkVersion="24"
9        android:targetSdkVersion="34" />
10
11    <uses-permission android:name="android.permission.ACCESS_FINE_LOCATION" />
11-->src/main/AndroidManifest.xml:29:5-79
11-->src/main/AndroidManifest.xml:29:22-76
12
13    <!-- Although the *SdkVersion is captured in gradle build files, this is required for non gradle builds -->
14    <!-- <uses-sdk android:minSdkVersion="21" /> -->
15    <uses-permission android:name="android.permission.ACCESS_NETWORK_STATE" />
15-->[com.google.firebase:firebase-firestore:25.1.1] AndroidManifest.xml:10:5-79
15-->[com.google.firebase:firebase-firestore:25.1.1] AndroidManifest.xml:10:22-76
16    <uses-permission android:name="android.permission.INTERNET" />
16-->[com.google.firebase:firebase-firestore:25.1.1] AndroidManifest.xml:11:5-67
16-->[com.google.firebase:firebase-firestore:25.1.1] AndroidManifest.xml:11:22-64
17
18    <permission
18-->[androidx.core:core:1.13.0] AndroidManifest.xml:22:5-24:47
19        android:name="com.example.trojan0project.DYNAMIC_RECEIVER_NOT_EXPORTED_PERMISSION"
19-->[androidx.core:core:1.13.0] AndroidManifest.xml:23:9-81
20        android:protectionLevel="signature" />
20-->[androidx.core:core:1.13.0] AndroidManifest.xml:24:9-44
21
22    <uses-permission android:name="com.example.trojan0project.DYNAMIC_RECEIVER_NOT_EXPORTED_PERMISSION" />
22-->[androidx.core:core:1.13.0] AndroidManifest.xml:26:5-97
22-->[androidx.core:core:1.13.0] AndroidManifest.xml:26:22-94
23
24    <application
24-->src/main/AndroidManifest.xml:6:5-28:19
25        android:allowBackup="true"
25-->src/main/AndroidManifest.xml:7:9-35
26        android:appComponentFactory="androidx.core.app.CoreComponentFactory"
26-->[androidx.core:core:1.13.0] AndroidManifest.xml:28:18-86
27        android:dataExtractionRules="@xml/data_extraction_rules"
27-->src/main/AndroidManifest.xml:8:9-65
28        android:debuggable="true"
29        android:extractNativeLibs="false"
30        android:fullBackupContent="@xml/backup_rules"
30-->src/main/AndroidManifest.xml:9:9-54
31        android:icon="@mipmap/ic_launcher"
31-->src/main/AndroidManifest.xml:10:9-43
32        android:label="@string/app_name"
32-->src/main/AndroidManifest.xml:11:9-41
33        android:roundIcon="@mipmap/ic_launcher_round"
33-->src/main/AndroidManifest.xml:12:9-54
34        android:supportsRtl="true"
34-->src/main/AndroidManifest.xml:13:9-35
35        android:testOnly="true"
36        android:theme="@style/Theme.Trojan0Project" >
36-->src/main/AndroidManifest.xml:14:9-52
37        <activity
37-->src/main/AndroidManifest.xml:16:9-24:20
38            android:name="com.example.trojan0project.MainActivity"
38-->src/main/AndroidManifest.xml:17:13-41
39            android:exported="true" >
39-->src/main/AndroidManifest.xml:18:13-36
40            <intent-filter>
40-->src/main/AndroidManifest.xml:19:13-23:29
41                <action android:name="android.intent.action.MAIN" />
41-->src/main/AndroidManifest.xml:20:17-69
41-->src/main/AndroidManifest.xml:20:25-66
42
43                <category android:name="android.intent.category.LAUNCHER" />
43-->src/main/AndroidManifest.xml:22:17-77
43-->src/main/AndroidManifest.xml:22:27-74
44            </intent-filter>
45        </activity>
46        <activity android:name="com.example.trojan0project.CreateEventActivity" />
46-->src/main/AndroidManifest.xml:26:9-57
46-->src/main/AndroidManifest.xml:26:19-54
47
48        <service
48-->[com.google.firebase:firebase-firestore:25.1.1] AndroidManifest.xml:14:9-23:19
49            android:name="com.google.firebase.components.ComponentDiscoveryService"
49-->[com.google.firebase:firebase-firestore:25.1.1] AndroidManifest.xml:15:13-84
50            android:directBootAware="true"
50-->[com.google.firebase:firebase-common:21.0.0] AndroidManifest.xml:32:13-43
51            android:exported="false" >
51-->[com.google.firebase:firebase-firestore:25.1.1] AndroidManifest.xml:16:13-37
52            <meta-data
52-->[com.google.firebase:firebase-firestore:25.1.1] AndroidManifest.xml:17:13-19:85
53                android:name="com.google.firebase.components:com.google.firebase.firestore.FirebaseFirestoreKtxRegistrar"
53-->[com.google.firebase:firebase-firestore:25.1.1] AndroidManifest.xml:18:17-122
54                android:value="com.google.firebase.components.ComponentRegistrar" />
54-->[com.google.firebase:firebase-firestore:25.1.1] AndroidManifest.xml:19:17-82
55            <meta-data
55-->[com.google.firebase:firebase-firestore:25.1.1] AndroidManifest.xml:20:13-22:85
56                android:name="com.google.firebase.components:com.google.firebase.firestore.FirestoreRegistrar"
56-->[com.google.firebase:firebase-firestore:25.1.1] AndroidManifest.xml:21:17-111
57                android:value="com.google.firebase.components.ComponentRegistrar" />
57-->[com.google.firebase:firebase-firestore:25.1.1] AndroidManifest.xml:22:17-82
58            <meta-data
58-->[com.google.firebase:firebase-common-ktx:21.0.0] AndroidManifest.xml:12:13-14:85
59                android:name="com.google.firebase.components:com.google.firebase.ktx.FirebaseCommonLegacyRegistrar"
59-->[com.google.firebase:firebase-common-ktx:21.0.0] AndroidManifest.xml:13:17-116
60                android:value="com.google.firebase.components.ComponentRegistrar" />
60-->[com.google.firebase:firebase-common-ktx:21.0.0] AndroidManifest.xml:14:17-82
61            <meta-data
61-->[com.google.firebase:firebase-common:21.0.0] AndroidManifest.xml:35:13-37:85
62                android:name="com.google.firebase.components:com.google.firebase.FirebaseCommonKtxRegistrar"
62-->[com.google.firebase:firebase-common:21.0.0] AndroidManifest.xml:36:17-109
63                android:value="com.google.firebase.components.ComponentRegistrar" />
63-->[com.google.firebase:firebase-common:21.0.0] AndroidManifest.xml:37:17-82
64        </service>
65
66        <activity
66-->[com.google.android.gms:play-services-base:18.1.0] AndroidManifest.xml:20:9-22:45
67            android:name="com.google.android.gms.common.api.GoogleApiActivity"
67-->[com.google.android.gms:play-services-base:18.1.0] AndroidManifest.xml:20:19-85
68            android:exported="false"
68-->[com.google.android.gms:play-services-base:18.1.0] AndroidManifest.xml:22:19-43
69            android:theme="@android:style/Theme.Translucent.NoTitleBar" />
69-->[com.google.android.gms:play-services-base:18.1.0] AndroidManifest.xml:21:19-78
70
71        <provider
71-->[com.google.firebase:firebase-common:21.0.0] AndroidManifest.xml:23:9-28:39
72            android:name="com.google.firebase.provider.FirebaseInitProvider"
72-->[com.google.firebase:firebase-common:21.0.0] AndroidManifest.xml:24:13-77
73            android:authorities="com.example.trojan0project.firebaseinitprovider"
73-->[com.google.firebase:firebase-common:21.0.0] AndroidManifest.xml:25:13-72
74            android:directBootAware="true"
74-->[com.google.firebase:firebase-common:21.0.0] AndroidManifest.xml:26:13-43
75            android:exported="false"
75-->[com.google.firebase:firebase-common:21.0.0] AndroidManifest.xml:27:13-37
76            android:initOrder="100" />
76-->[com.google.firebase:firebase-common:21.0.0] AndroidManifest.xml:28:13-36
77        <provider
77-->[androidx.emoji2:emoji2:1.3.0] AndroidManifest.xml:24:9-32:20
78            android:name="androidx.startup.InitializationProvider"
78-->[androidx.emoji2:emoji2:1.3.0] AndroidManifest.xml:25:13-67
79            android:authorities="com.example.trojan0project.androidx-startup"
79-->[androidx.emoji2:emoji2:1.3.0] AndroidManifest.xml:26:13-68
80            android:exported="false" >
80-->[androidx.emoji2:emoji2:1.3.0] AndroidManifest.xml:27:13-37
81            <meta-data
81-->[androidx.emoji2:emoji2:1.3.0] AndroidManifest.xml:29:13-31:52
82                android:name="androidx.emoji2.text.EmojiCompatInitializer"
82-->[androidx.emoji2:emoji2:1.3.0] AndroidManifest.xml:30:17-75
83                android:value="androidx.startup" />
83-->[androidx.emoji2:emoji2:1.3.0] AndroidManifest.xml:31:17-49
84            <meta-data
84-->[androidx.lifecycle:lifecycle-process:2.6.2] AndroidManifest.xml:29:13-31:52
85                android:name="androidx.lifecycle.ProcessLifecycleInitializer"
85-->[androidx.lifecycle:lifecycle-process:2.6.2] AndroidManifest.xml:30:17-78
86                android:value="androidx.startup" />
86-->[androidx.lifecycle:lifecycle-process:2.6.2] AndroidManifest.xml:31:17-49
87            <meta-data
87-->[androidx.profileinstaller:profileinstaller:1.3.1] AndroidManifest.xml:29:13-31:52
88                android:name="androidx.profileinstaller.ProfileInstallerInitializer"
88-->[androidx.profileinstaller:profileinstaller:1.3.1] AndroidManifest.xml:30:17-85
89                android:value="androidx.startup" />
89-->[androidx.profileinstaller:profileinstaller:1.3.1] AndroidManifest.xml:31:17-49
90        </provider>
91
92        <uses-library
92-->[androidx.window:window:1.0.0] AndroidManifest.xml:25:9-27:40
93            android:name="androidx.window.extensions"
93-->[androidx.window:window:1.0.0] AndroidManifest.xml:26:13-54
94            android:required="false" />
94-->[androidx.window:window:1.0.0] AndroidManifest.xml:27:13-37
95        <uses-library
95-->[androidx.window:window:1.0.0] AndroidManifest.xml:28:9-30:40
96            android:name="androidx.window.sidecar"
96-->[androidx.window:window:1.0.0] AndroidManifest.xml:29:13-51
97            android:required="false" />
97-->[androidx.window:window:1.0.0] AndroidManifest.xml:30:13-37
98
99        <meta-data
99-->[com.google.android.gms:play-services-basement:18.3.0] AndroidManifest.xml:21:9-23:69
100            android:name="com.google.android.gms.version"
100-->[com.google.android.gms:play-services-basement:18.3.0] AndroidManifest.xml:22:13-58
101            android:value="@integer/google_play_services_version" />
101-->[com.google.android.gms:play-services-basement:18.3.0] AndroidManifest.xml:23:13-66
102
103        <receiver
103-->[androidx.profileinstaller:profileinstaller:1.3.1] AndroidManifest.xml:34:9-52:20
104            android:name="androidx.profileinstaller.ProfileInstallReceiver"
104-->[androidx.profileinstaller:profileinstaller:1.3.1] AndroidManifest.xml:35:13-76
105            android:directBootAware="false"
105-->[androidx.profileinstaller:profileinstaller:1.3.1] AndroidManifest.xml:36:13-44
106            android:enabled="true"
106-->[androidx.profileinstaller:profileinstaller:1.3.1] AndroidManifest.xml:37:13-35
107            android:exported="true"
107-->[androidx.profileinstaller:profileinstaller:1.3.1] AndroidManifest.xml:38:13-36
108            android:permission="android.permission.DUMP" >
108-->[androidx.profileinstaller:profileinstaller:1.3.1] AndroidManifest.xml:39:13-57
109            <intent-filter>
109-->[androidx.profileinstaller:profileinstaller:1.3.1] AndroidManifest.xml:40:13-42:29
110                <action android:name="androidx.profileinstaller.action.INSTALL_PROFILE" />
110-->[androidx.profileinstaller:profileinstaller:1.3.1] AndroidManifest.xml:41:17-91
110-->[androidx.profileinstaller:profileinstaller:1.3.1] AndroidManifest.xml:41:25-88
111            </intent-filter>
112            <intent-filter>
112-->[androidx.profileinstaller:profileinstaller:1.3.1] AndroidManifest.xml:43:13-45:29
113                <action android:name="androidx.profileinstaller.action.SKIP_FILE" />
113-->[androidx.profileinstaller:profileinstaller:1.3.1] AndroidManifest.xml:44:17-85
113-->[androidx.profileinstaller:profileinstaller:1.3.1] AndroidManifest.xml:44:25-82
114            </intent-filter>
115            <intent-filter>
115-->[androidx.profileinstaller:profileinstaller:1.3.1] AndroidManifest.xml:46:13-48:29
116                <action android:name="androidx.profileinstaller.action.SAVE_PROFILE" />
116-->[androidx.profileinstaller:profileinstaller:1.3.1] AndroidManifest.xml:47:17-88
116-->[androidx.profileinstaller:profileinstaller:1.3.1] AndroidManifest.xml:47:25-85
117            </intent-filter>
118            <intent-filter>
118-->[androidx.profileinstaller:profileinstaller:1.3.1] AndroidManifest.xml:49:13-51:29
119                <action android:name="androidx.profileinstaller.action.BENCHMARK_OPERATION" />
119-->[androidx.profileinstaller:profileinstaller:1.3.1] AndroidManifest.xml:50:17-95
119-->[androidx.profileinstaller:profileinstaller:1.3.1] AndroidManifest.xml:50:25-92
120            </intent-filter>
121        </receiver>
122    </application>
123
124</manifest>